[1681543500.7872105, {"load": [0.2724609375, 0.15478515625, 0.10302734375], "ram": [1.9534187316894531, 0.70654296875], "n_user": 0, "n_online_uid": 0, "n_online_client": 0, "n_submission": 0, "n_corr_submission": 0}]
[1681543597.6370332, {"load": [0.31787109375, 0.1982421875, 0.1181640625], "ram": [1.9518013000488281, 0.7081413269042969], "n_user": 0, "n_online_uid": 0, "n_online_client": 0, "n_submission": 0, "n_corr_submission": 0}]
[1681543657.6450338, {"load": [0.23974609375, 0.19189453125, 0.11767578125], "ram": [1.9625396728515625, 0.6973991394042969], "n_user": 0, "n_online_uid": 0, "n_online_client": 0, "n_submission": 0, "n_corr_submission": 0}]
[1681543717.6525433, {"load": [0.353515625, 0.21923828125, 0.12890625], "ram": [1.995880126953125, 0.6640968322753906], "n_user": 0, "n_online_uid": 0, "n_online_client": 0, "n_submission": 0, "n_corr_submission": 0}]
[1681543777.6598291, {"load": [0.5302734375, 0.2978515625, 0.16162109375], "ram": [1.9873695373535156, 0.6726341247558594], "n_user": 0, "n_online_uid": 0, "n_online_client": 0, "n_submission": 0, "n_corr_submission": 0}]
[1681543837.6651073, {"load": [0.19287109375, 0.2412109375, 0.14990234375], "ram": [1.9850845336914062, 0.6749153137207031], "n_user": 0, "n_online_uid": 0, "n_online_client": 0, "n_submission": 0, "n_corr_submission": 0}]
[1681543897.6709826, {"load": [0.06884765625, 0.19482421875, 0.13818359375], "ram": [2.08087158203125, 0.5791244506835938], "n_user": 0, "n_online_uid": 0, "n_online_client": 0, "n_submission": 0, "n_corr_submission": 0}]
[1681543957.686316, {"load": [0.09716796875, 0.17333984375, 0.13232421875], "ram": [2.3673439025878906, 0.2928466796875], "n_user": 0, "n_online_uid": 0, "n_online_client": 0, "n_submission": 0, "n_corr_submission": 0}]
[1681544017.6994357, {"load": [0.03369140625, 0.1396484375, 0.12060546875], "ram": [2.31396484375, 0.3462181091308594], "n_user": 0, "n_online_uid": 0, "n_online_client": 0, "n_submission": 0, "n_corr_submission": 0}]
[1681544077.7133534, {"load": [0.01025390625, 0.111328125, 0.10888671875], "ram": [2.314617156982422, 0.3455543518066406], "n_user": 0, "n_online_uid": 0, "n_online_client": 0, "n_submission": 0, "n_corr_submission": 0}]
[1681544137.7264168, {"load": [0.001953125, 0.087890625, 0.09716796875], "ram": [2.3022232055664062, 0.3579444885253906], "n_user": 0, "n_online_uid": 0, "n_online_client": 0, "n_submission": 0, "n_corr_submission": 0}]
[1681544197.740107, {"load": [0.0, 0.0703125, 0.087890625], "ram": [2.2937850952148438, 0.3663749694824219], "n_user": 0, "n_online_uid": 0, "n_online_client": 0, "n_submission": 0, "n_corr_submission": 0}]
[1681544257.7535524, {"load": [0.0, 0.0546875, 0.08203125], "ram": [2.3062591552734375, 0.3539009094238281], "n_user": 0, "n_online_uid": 0, "n_online_client": 0, "n_submission": 0, "n_corr_submission": 0}]
[1681544317.7649946, {"load": [0.0, 0.04296875, 0.076171875], "ram": [2.3250770568847656, 0.33506011962890625], "n_user": 0, "n_online_uid": 0, "n_online_client": 0, "n_submission": 0, "n_corr_submission": 0}]
[1681544377.778385, {"load": [0.134765625, 0.06396484375, 0.08154296875], "ram": [2.3085403442382812, 0.3515968322753906], "n_user": 0, "n_online_uid": 0, "n_online_client": 0, "n_submission": 0, "n_corr_submission": 0}]
[1681544437.7896996, {"load": [0.4541015625, 0.146484375, 0.107421875], "ram": [2.3232192993164062, 0.3369140625], "n_user": 0, "n_online_uid": 0, "n_online_client": 0, "n_submission": 0, "n_corr_submission": 0}]
[1681544497.8009067, {"load": [0.1650390625, 0.1171875, 0.095703125], "ram": [2.317852020263672, 0.34227752685546875], "n_user": 0, "n_online_uid": 0, "n_online_client": 0, "n_submission": 0, "n_corr_submission": 0}]
[1681544557.8115213, {"load": [0.2802734375, 0.1435546875, 0.103515625], "ram": [2.3232192993164062, 0.33690643310546875], "n_user": 0, "n_online_uid": 0, "n_online_client": 0, "n_submission": 0, "n_corr_submission": 0}]
[1681544617.8249261, {"load": [0.1357421875, 0.1298828125, 0.09765625], "ram": [2.321918487548828, 0.3382072448730469], "n_user": 0, "n_online_uid": 0, "n_online_client": 0, "n_submission": 0, "n_corr_submission": 0}]
[1681544677.839635, {"load": [0.11572265625, 0.11962890625, 0.09326171875], "ram": [2.3156204223632812, 0.3444976806640625], "n_user": 0, "n_online_uid": 0, "n_online_client": 0, "n_submission": 0, "n_corr_submission": 0}]
[1681544737.8532243, {"load": [0.04052734375, 0.095703125, 0.0859375], "ram": [2.32421875, 0.3358955383300781], "n_user": 0, "n_online_uid": 0, "n_online_client": 0, "n_submission": 0, "n_corr_submission": 0}]
[1681544797.8660986, {"load": [0.1279296875, 0.119140625, 0.0927734375], "ram": [2.2679443359375, 0.39206695556640625], "n_user": 0, "n_online_uid": 0, "n_online_client": 0, "n_submission": 0, "n_corr_submission": 0}]
[1681544857.8796988, {"load": [0.2275390625, 0.15576171875, 0.10498046875], "ram": [2.2635841369628906, 0.3967475891113281], "n_user": 0, "n_online_uid": 0, "n_online_client": 0, "n_submission": 0, "n_corr_submission": 0}]
[1681544917.892188, {"load": [0.54931640625, 0.29736328125, 0.15869140625], "ram": [2.2683143615722656, 0.3920135498046875], "n_user": 0, "n_online_uid": 0, "n_online_client": 0, "n_submission": 0, "n_corr_submission": 0}]
[1681544977.9031627, {"load": [0.4931640625, 0.35498046875, 0.18603515625], "ram": [2.2456207275390625, 0.414703369140625], "n_user": 0, "n_online_uid": 0, "n_online_client": 0, "n_submission": 0, "n_corr_submission": 0}]
[1681545037.9361618, {"load": [0.97998046875, 0.53271484375, 0.25927734375], "ram": [2.1427879333496094, 0.5176429748535156], "n_user": 0, "n_online_uid": 0, "n_online_client": 0, "n_submission": 0, "n_corr_submission": 0}]
[1681545097.9438791, {"load": [0.99462890625, 0.62060546875, 0.30810546875], "ram": [2.0552597045898438, 0.6052780151367188], "n_user": 0, "n_online_uid": 0, "n_online_client": 0, "n_submission": 0, "n_corr_submission": 0}]
[1681545157.9475396, {"load": [1.333984375, 0.78466796875, 0.3857421875], "ram": [2.0798416137695312, 0.5806922912597656], "n_user": 0, "n_online_uid": 0, "n_online_client": 0, "n_submission": 0, "n_corr_submission": 0}]
[1681545217.9599175, {"load": [1.33935546875, 0.8876953125, 0.4482421875], "ram": [2.143695831298828, 0.5169143676757812], "n_user": 0, "n_online_uid": 0, "n_online_client": 0, "n_submission": 0, "n_corr_submission": 0}]
[1681545277.964994, {"load": [1.353515625, 0.984375, 0.5107421875], "ram": [2.032947540283203, 0.6276626586914062], "n_user": 0, "n_online_uid": 0, "n_online_client": 0, "n_submission": 0, "n_corr_submission": 0}]
[1681545337.9720495, {"load": [1.11181640625, 0.986328125, 0.54541015625], "ram": [2.0010032653808594, 0.6595916748046875], "n_user": 0, "n_online_uid": 0, "n_online_client": 0, "n_submission": 0, "n_corr_submission": 0}]
[1681545397.9858658, {"load": [1.0615234375, 1.01171875, 0.58544921875], "ram": [1.9796562194824219, 0.6809463500976562], "n_user": 0, "n_online_uid": 0, "n_online_client": 0, "n_submission": 0, "n_corr_submission": 0}]
[1681545457.9956088, {"load": [1.24072265625, 1.0927734375, 0.64208984375], "ram": [2.0012054443359375, 0.659393310546875], "n_user": 0, "n_online_uid": 0, "n_online_client": 0, "n_submission": 0, "n_corr_submission": 0}]
[1681545518.007548, {"load": [1.51318359375, 1.24560546875, 0.72607421875], "ram": [1.7332725524902344, 0.9272689819335938], "n_user": 0, "n_online_uid": 0, "n_online_client": 0, "n_submission": 0, "n_corr_submission": 0}]
[1681545578.0131023, {"load": [0.69091796875, 1.072265625, 0.69970703125], "ram": [1.7836456298828125, 0.8769683837890625], "n_user": 0, "n_online_uid": 0, "n_online_client": 0, "n_submission": 0, "n_corr_submission": 0}]
[1681545638.0180275, {"load": [0.4970703125, 0.93798828125, 0.67529296875], "ram": [1.747802734375, 0.9128074645996094], "n_user": 0, "n_online_uid": 0, "n_online_client": 0, "n_submission": 0, "n_corr_submission": 0}]
[1681545698.0292094, {"load": [0.29638671875, 0.796875, 0.64013671875], "ram": [1.7643013000488281, 0.8963165283203125], "n_user": 0, "n_online_uid": 0, "n_online_client": 0, "n_submission": 0, "n_corr_submission": 0}]
[1681545758.0342114, {"load": [0.14794921875, 0.6640625, 0.6044921875], "ram": [1.756256103515625, 0.9043388366699219], "n_user": 0, "n_online_uid": 0, "n_online_client": 0, "n_submission": 0, "n_corr_submission": 0}]
[1681545818.0431068, {"load": [0.08447265625, 0.5546875, 0.5693359375], "ram": [1.7566947937011719, 0.9039039611816406], "n_user": 0, "n_online_uid": 0, "n_online_client": 0, "n_submission": 0, "n_corr_submission": 0}]
[1681545878.0477734, {"load": [0.18994140625, 0.48486328125, 0.5419921875], "ram": [1.7565231323242188, 0.9040756225585938], "n_user": 0, "n_online_uid": 0, "n_online_client": 0, "n_submission": 0, "n_corr_submission": 0}]
[1681545938.0551, {"load": [0.06689453125, 0.39404296875, 0.5068359375], "ram": [1.7495613098144531, 0.9110336303710938], "n_user": 0, "n_online_uid": 0, "n_online_client": 0, "n_submission": 0, "n_corr_submission": 0}]
[1681545998.0620432, {"load": [0.15185546875, 0.35205078125, 0.4833984375], "ram": [1.7540016174316406, 0.9065818786621094], "n_user": 0, "n_online_uid": 0, "n_online_client": 0, "n_submission": 0, "n_corr_submission": 0}]
[1681546058.069696, {"load": [0.15625, 0.31640625, 0.4599609375], "ram": [1.7717666625976562, 0.8888206481933594], "n_user": 0, "n_online_uid": 0, "n_online_client": 0, "n_submission": 0, "n_corr_submission": 0}]
[1681546118.0764058, {"load": [0.1005859375, 0.27099609375, 0.435546875], "ram": [1.7688789367675781, 0.8917045593261719], "n_user": 0, "n_online_uid": 0, "n_online_client": 0, "n_submission": 0, "n_corr_submission": 0}]
[1681546178.0838892, {"load": [0.03515625, 0.21923828125, 0.40625], "ram": [1.7724380493164062, 0.8881454467773438], "n_user": 0, "n_online_uid": 0, "n_online_client": 0, "n_submission": 0, "n_corr_submission": 0}]
[1681546238.088125, {"load": [0.0107421875, 0.17626953125, 0.376953125], "ram": [1.7666130065917969, 0.8939666748046875], "n_user": 0, "n_online_uid": 0, "n_online_client": 0, "n_submission": 0, "n_corr_submission": 0}]
[1681546298.092666, {"load": [0.06689453125, 0.169921875, 0.359375], "ram": [1.7603874206542969, 0.900177001953125], "n_user": 0, "n_online_uid": 0, "n_online_client": 0, "n_submission": 0, "n_corr_submission": 0}]
[1681551524.7203362, {"load": [0.20556640625, 0.08837890625, 0.02685546875], "ram": [1.4779319763183594, 1.1819381713867188], "n_user": 0, "n_online_uid": 0, "n_online_client": 0, "n_submission": 0, "n_corr_submission": 0}]
[1681551584.7331831, {"load": [3.08203125, 0.89208984375, 0.3046875], "ram": [1.8773002624511719, 0.7826118469238281], "n_user": 0, "n_online_uid": 0, "n_online_client": 0, "n_submission": 0, "n_corr_submission": 0}]
[1681551644.758645, {"load": [4.0087890625, 1.56494140625, 0.5751953125], "ram": [1.89166259765625, 0.7683372497558594], "n_user": 0, "n_online_uid": 0, "n_online_client": 0, "n_submission": 0, "n_corr_submission": 0}]
[1681551704.7729764, {"load": [3.04541015625, 1.76318359375, 0.70458984375], "ram": [1.4556427001953125, 1.2043991088867188], "n_user": 0, "n_online_uid": 0, "n_online_client": 0, "n_submission": 0, "n_corr_submission": 0}]
[1681551764.792049, {"load": [1.1845703125, 1.455078125, 0.66357421875], "ram": [1.4805984497070312, 1.1794700622558594], "n_user": 0, "n_online_uid": 0, "n_online_client": 0, "n_submission": 0, "n_corr_submission": 0}]
[1681551824.8033884, {"load": [0.46484375, 1.20166015625, 0.6240234375], "ram": [1.4963264465332031, 1.1637420654296875], "n_user": 0, "n_online_uid": 0, "n_online_client": 0, "n_submission": 0, "n_corr_submission": 0}]
[1681551884.8116078, {"load": [0.1689453125, 0.98046875, 0.5830078125], "ram": [1.49615478515625, 1.1639137268066406], "n_user": 0, "n_online_uid": 0, "n_online_client": 0, "n_submission": 0, "n_corr_submission": 0}]
[1681551944.821605, {"load": [0.060546875, 0.798828125, 0.54248046875], "ram": [1.4967384338378906, 1.163330078125], "n_user": 0, "n_online_uid": 0, "n_online_client": 0, "n_submission": 0, "n_corr_submission": 0}]
[1681552004.8297617, {"load": [0.0205078125, 0.65087890625, 0.50732421875], "ram": [1.5094985961914062, 1.1505699157714844], "n_user": 0, "n_online_uid": 0, "n_online_client": 0, "n_submission": 0, "n_corr_submission": 0}]
[1681552064.8394294, {"load": [0.00537109375, 0.52978515625, 0.47216796875], "ram": [1.5162620544433594, 1.1438064575195312], "n_user": 0, "n_online_uid": 0, "n_online_client": 0, "n_submission": 0, "n_corr_submission": 0}]
[1681552124.8479128, {"load": [0.07373046875, 0.447265625, 0.4453125], "ram": [1.5159149169921875, 1.1441535949707031], "n_user": 0, "n_online_uid": 0, "n_online_client": 0, "n_submission": 0, "n_corr_submission": 0}]
[1681552184.8568933, {"load": [0.02490234375, 0.36328125, 0.416015625], "ram": [1.5146064758300781, 1.1454620361328125], "n_user": 0, "n_online_uid": 0, "n_online_client": 0, "n_submission": 0, "n_corr_submission": 0}]
[1681552244.864869, {"load": [0.15869140625, 0.3408203125, 0.404296875], "ram": [1.5158424377441406, 1.1442222595214844], "n_user": 0, "n_online_uid": 0, "n_online_client": 0, "n_submission": 0, "n_corr_submission": 0}]
[1681552304.946204, {"load": [0.05615234375, 0.2763671875, 0.375], "ram": [1.5170516967773438, 1.1430130004882812], "n_user": 0, "n_online_uid": 0, "n_online_client": 0, "n_submission": 0, "n_corr_submission": 0}]
[1681552364.9538374, {"load": [0.29931640625, 0.28955078125, 0.37158203125], "ram": [1.5825881958007812, 1.0774765014648438], "n_user": 0, "n_online_uid": 0, "n_online_client": 0, "n_submission": 0, "n_corr_submission": 0}]
[1681552424.9629757, {"load": [0.79736328125, 0.4365234375, 0.41796875], "ram": [1.5059356689453125, 1.1541290283203125], "n_user": 0, "n_online_uid": 0, "n_online_client": 0, "n_submission": 0, "n_corr_submission": 0}]
[1681552484.9695964, {"load": [0.4267578125, 0.38720703125, 0.39990234375], "ram": [1.6203842163085938, 1.0396766662597656], "n_user": 0, "n_online_uid": 0, "n_online_client": 0, "n_submission": 0, "n_corr_submission": 0}]
[1681552544.9761133, {"load": [0.587890625, 0.44921875, 0.42041015625], "ram": [1.5173835754394531, 1.1426773071289062], "n_user": 0, "n_online_uid": 0, "n_online_client": 0, "n_submission": 0, "n_corr_submission": 0}]
[1681552604.9807534, {"load": [0.783203125, 0.52294921875, 0.44970703125], "ram": [1.6318092346191406, 1.0282516479492188], "n_user": 0, "n_online_uid": 0, "n_online_client": 0, "n_submission": 0, "n_corr_submission": 0}]
[1681552664.9861903, {"load": [0.5263671875, 0.513671875, 0.451171875], "ram": [1.5190658569335938, 1.1409950256347656], "n_user": 0, "n_online_uid": 0, "n_online_client": 0, "n_submission": 0, "n_corr_submission": 0}]
[1681552724.994731, {"load": [0.19091796875, 0.41748046875, 0.421875], "ram": [1.520172119140625, 1.1398582458496094], "n_user": 0, "n_online_uid": 0, "n_online_client": 0, "n_submission": 0, "n_corr_submission": 0}]
[1681552785.0036278, {"load": [0.06787109375, 0.3388671875, 0.392578125], "ram": [1.5192756652832031, 1.1407852172851562], "n_user": 0, "n_online_uid": 0, "n_online_client": 0, "n_submission": 0, "n_corr_submission": 0}]
[1681552845.012499, {"load": [0.73974609375, 0.47802734375, 0.43896484375], "ram": [1.5201911926269531, 1.1398696899414062], "n_user": 0, "n_online_uid": 0, "n_online_client": 0, "n_submission": 0, "n_corr_submission": 0}]
[1681552905.0176618, {"load": [0.68359375, 0.525390625, 0.458984375], "ram": [1.5212745666503906, 1.1387863159179688], "n_user": 0, "n_online_uid": 0, "n_online_client": 0, "n_submission": 0, "n_corr_submission": 0}]
[1681552965.024443, {"load": [0.53466796875, 0.494140625, 0.4521484375], "ram": [1.587982177734375, 1.0720787048339844], "n_user": 0, "n_online_uid": 0, "n_online_client": 0, "n_submission": 0, "n_corr_submission": 0}]
[1681553025.0320728, {"load": [0.818359375, 0.58740234375, 0.4873046875], "ram": [1.5050392150878906, 1.1550216674804688], "n_user": 0, "n_online_uid": 0, "n_online_client": 0, "n_submission": 0, "n_corr_submission": 0}]
[1681553085.0388875, {"load": [0.29833984375, 0.47802734375, 0.4521484375], "ram": [1.5086708068847656, 1.1513900756835938], "n_user": 0, "n_online_uid": 0, "n_online_client": 0, "n_submission": 0, "n_corr_submission": 0}]
[1681553145.0448408, {"load": [0.10791015625, 0.388671875, 0.4228515625], "ram": [1.5090713500976562, 1.1509819030761719], "n_user": 0, "n_online_uid": 0, "n_online_client": 0, "n_submission": 0, "n_corr_submission": 0}]
[1681553205.0521147, {"load": [0.1337890625, 0.35693359375, 0.41015625], "ram": [1.60296630859375, 1.0570831298828125], "n_user": 0, "n_online_uid": 0, "n_online_client": 0, "n_submission": 0, "n_corr_submission": 0}]
[1681553265.0572267, {"load": [0.13134765625, 0.31884765625, 0.392578125], "ram": [1.6259574890136719, 1.0340919494628906], "n_user": 0, "n_online_uid": 0, "n_online_client": 0, "n_submission": 0, "n_corr_submission": 0}]
[1681553325.0701394, {"load": [0.04638671875, 0.25830078125, 0.36328125], "ram": [1.626678466796875, 1.0333709716796875], "n_user": 0, "n_online_uid": 0, "n_online_client": 0, "n_submission": 0, "n_corr_submission": 0}]
[1681553385.078543, {"load": [0.01513671875, 0.20849609375, 0.33984375], "ram": [1.6310386657714844, 1.0290107727050781], "n_user": 0, "n_online_uid": 0, "n_online_client": 0, "n_submission": 0, "n_corr_submission": 0}]
[1681553445.0834067, {"load": [0.044921875, 0.18310546875, 0.322265625], "ram": [1.6118545532226562, 1.0481948852539062], "n_user": 0, "n_online_uid": 0, "n_online_client": 0, "n_submission": 0, "n_corr_submission": 0}]
[1681553505.0958939, {"load": [0.0146484375, 0.14697265625, 0.298828125], "ram": [1.6071395874023438, 1.0529098510742188], "n_user": 0, "n_online_uid": 0, "n_online_client": 0, "n_submission": 0, "n_corr_submission": 0}]
[1681553565.1090422, {"load": [0.52001953125, 0.2705078125, 0.33056640625], "ram": [1.7211570739746094, 0.9388504028320312], "n_user": 0, "n_online_uid": 0, "n_online_client": 0, "n_submission": 0, "n_corr_submission": 0}]
[1681553625.1202774, {"load": [0.689453125, 0.33251953125, 0.345703125], "ram": [1.766510009765625, 0.8934440612792969], "n_user": 0, "n_online_uid": 0, "n_online_client": 0, "n_submission": 0, "n_corr_submission": 0}]
[1681553685.1278312, {"load": [0.251953125, 0.26953125, 0.322265625], "ram": [1.8082847595214844, 0.851715087890625], "n_user": 0, "n_online_uid": 0, "n_online_client": 0, "n_submission": 0, "n_corr_submission": 0}]
[1681553745.1346297, {"load": [3.2294921875, 1.1318359375, 0.61767578125], "ram": [1.9587936401367188, 0.7012443542480469], "n_user": 0, "n_online_uid": 0, "n_online_client": 0, "n_submission": 0, "n_corr_submission": 0}]
[1681553805.1522956, {"load": [3.8671875, 1.68896484375, 0.84326171875], "ram": [1.830078125, 0.8300399780273438], "n_user": 0, "n_online_uid": 0, "n_online_client": 0, "n_submission": 0, "n_corr_submission": 0}]
[1681553865.1688545, {"load": [1.4189453125, 1.37890625, 0.78759765625], "ram": [1.4847335815429688, 1.1753807067871094], "n_user": 0, "n_online_uid": 0, "n_online_client": 0, "n_submission": 0, "n_corr_submission": 0}]
[1681553925.1763198, {"load": [0.51904296875, 1.12548828125, 0.73486328125], "ram": [1.48663330078125, 1.1734809875488281], "n_user": 0, "n_online_uid": 0, "n_online_client": 0, "n_submission": 0, "n_corr_submission": 0}]
[1681553985.1847277, {"load": [0.26318359375, 0.93505859375, 0.69287109375], "ram": [1.4921073913574219, 1.1680068969726562], "n_user": 0, "n_online_uid": 0, "n_online_client": 0, "n_submission": 0, "n_corr_submission": 0}]
[1681554045.1892867, {"load": [0.09521484375, 0.76220703125, 0.64599609375], "ram": [1.4960975646972656, 1.1640167236328125], "n_user": 0, "n_online_uid": 0, "n_online_client": 0, "n_submission": 0, "n_corr_submission": 0}]
[1681554105.1992645, {"load": [0.03271484375, 0.62109375, 0.603515625], "ram": [1.49639892578125, 1.1637153625488281], "n_user": 0, "n_online_uid": 0, "n_online_client": 0, "n_submission": 0, "n_corr_submission": 0}]
[1681554165.2066228, {"load": [0.0478515625, 0.5205078125, 0.568359375], "ram": [1.4959220886230469, 1.1641921997070312], "n_user": 0, "n_online_uid": 0, "n_online_client": 0, "n_submission": 0, "n_corr_submission": 0}]
[1681554225.2132304, {"load": [0.015625, 0.42333984375, 0.52978515625], "ram": [1.4974250793457031, 1.162689208984375], "n_user": 0, "n_online_uid": 0, "n_online_client": 0, "n_submission": 0, "n_corr_submission": 0}]
[1681554285.2178829, {"load": [0.00390625, 0.34375, 0.49462890625], "ram": [1.4984092712402344, 1.1617050170898438], "n_user": 0, "n_online_uid": 0, "n_online_client": 0, "n_submission": 0, "n_corr_submission": 0}]
[1681554345.2235835, {"load": [0.0, 0.27880859375, 0.45947265625], "ram": [1.4982452392578125, 1.1618690490722656], "n_user": 0, "n_online_uid": 0, "n_online_client": 0, "n_submission": 0, "n_corr_submission": 0}]
[1681554405.2289877, {"load": [0.0, 0.2255859375, 0.42919921875], "ram": [1.4977378845214844, 1.1623764038085938], "n_user": 0, "n_online_uid": 0, "n_online_client": 0, "n_submission": 0, "n_corr_submission": 0}]
[1681554465.2363691, {"load": [0.0, 0.18505859375, 0.40234375], "ram": [1.4980316162109375, 1.1620368957519531], "n_user": 0, "n_online_uid": 0, "n_online_client": 0, "n_submission": 0, "n_corr_submission": 0}]
[1681554525.2430494, {"load": [0.0, 0.1484375, 0.373046875], "ram": [1.4994277954101562, 1.1606407165527344], "n_user": 0, "n_online_uid": 0, "n_online_client": 0, "n_submission": 0, "n_corr_submission": 0}]
[1681554585.2523718, {"load": [0.0, 0.11865234375, 0.34765625], "ram": [1.5066490173339844, 1.1534652709960938], "n_user": 0, "n_online_uid": 0, "n_online_client": 0, "n_submission": 0, "n_corr_submission": 0}]
[1681554645.261958, {"load": [0.06689453125, 0.11181640625, 0.330078125], "ram": [1.5086402893066406, 1.1514739990234375], "n_user": 0, "n_online_uid": 0, "n_online_client": 0, "n_submission": 0, "n_corr_submission": 0}]
[1681554705.2681234, {"load": [0.0224609375, 0.08837890625, 0.306640625], "ram": [1.5080642700195312, 1.1520500183105469], "n_user": 0, "n_online_uid": 0, "n_online_client": 0, "n_submission": 0, "n_corr_submission": 0}]
[1681554765.2760723, {"load": [0.04443359375, 0.083984375, 0.2890625], "ram": [1.50946044921875, 1.1506538391113281], "n_user": 0, "n_online_uid": 0, "n_online_client": 0, "n_submission": 0, "n_corr_submission": 0}]
[1681554825.283288, {"load": [0.01416015625, 0.06640625, 0.26708984375], "ram": [1.509124755859375, 1.1509895324707031], "n_user": 0, "n_online_uid": 0, "n_online_client": 0, "n_submission": 0, "n_corr_submission": 0}]
[1681554885.2911365, {"load": [0.00341796875, 0.0517578125, 0.24951171875], "ram": [1.50921630859375, 1.1508979797363281], "n_user": 0, "n_online_uid": 0, "n_online_client": 0, "n_submission": 0, "n_corr_submission": 0}]
[1681554945.2970994, {"load": [0.0, 0.0400390625, 0.23193359375], "ram": [1.5098114013671875, 1.1503028869628906], "n_user": 0, "n_online_uid": 0, "n_online_client": 0, "n_submission": 0, "n_corr_submission": 0}]
[1681555005.302821, {"load": [0.0, 0.02880859375, 0.21435546875], "ram": [1.5106353759765625, 1.1494789123535156], "n_user": 0, "n_online_uid": 0, "n_online_client": 0, "n_submission": 0, "n_corr_submission": 0}]
[1681555065.308801, {"load": [0.0732421875, 0.03955078125, 0.20263671875], "ram": [1.5110511779785156, 1.1490631103515625], "n_user": 0, "n_online_uid": 0, "n_online_client": 0, "n_submission": 0, "n_corr_submission": 0}]
[1681555125.3143435, {"load": [0.02490234375, 0.0283203125, 0.18505859375], "ram": [1.5124244689941406, 1.1476898193359375], "n_user": 0, "n_online_uid": 0, "n_online_client": 0, "n_submission": 0, "n_corr_submission": 0}]
[1681555185.3208807, {"load": [0.0068359375, 0.0224609375, 0.171875], "ram": [1.5129241943359375, 1.1471900939941406], "n_user": 0, "n_online_uid": 0, "n_online_client": 0, "n_submission": 0, "n_corr_submission": 0}]
[1681555245.3282614, {"load": [0.0908203125, 0.046875, 0.17138671875], "ram": [1.5123252868652344, 1.1477890014648438], "n_user": 0, "n_online_uid": 0, "n_online_client": 0, "n_submission": 0, "n_corr_submission": 0}]
[1681555305.3435152, {"load": [0.03173828125, 0.03515625, 0.15966796875], "ram": [1.5598640441894531, 1.100250244140625], "n_user": 0, "n_online_uid": 0, "n_online_client": 0, "n_submission": 0, "n_corr_submission": 0}]
[1681555365.3490067, {"load": [1.173828125, 0.37841796875, 0.27392578125], "ram": [1.6245155334472656, 1.0355987548828125], "n_user": 0, "n_online_uid": 0, "n_online_client": 0, "n_submission": 0, "n_corr_submission": 0}]
[1681555425.3643768, {"load": [2.17822265625, 0.77783203125, 0.416015625], "ram": [2.1155662536621094, 0.5446052551269531], "n_user": 0, "n_online_uid": 0, "n_online_client": 0, "n_submission": 0, "n_corr_submission": 0}]
[1681555485.384284, {"load": [1.923828125, 0.970703125, 0.50732421875], "ram": [1.99517822265625, 0.677215576171875], "n_user": 0, "n_online_uid": 0, "n_online_client": 0, "n_submission": 0, "n_corr_submission": 0}]
[1681555545.3971312, {"load": [0.96923828125, 0.9033203125, 0.5166015625], "ram": [1.0772933959960938, 1.5803413391113281], "n_user": 0, "n_online_uid": 0, "n_online_client": 0, "n_submission": 0, "n_corr_submission": 0}]
[1681555605.4049213, {"load": [0.35400390625, 0.736328125, 0.4814453125], "ram": [1.09295654296875, 1.5646781921386719], "n_user": 0, "n_online_uid": 0, "n_online_client": 0, "n_submission": 0, "n_corr_submission": 0}]
[1681555665.4165335, {"load": [0.18505859375, 0.615234375, 0.4521484375], "ram": [1.0956535339355469, 1.561981201171875], "n_user": 0, "n_online_uid": 0, "n_online_client": 0, "n_submission": 0, "n_corr_submission": 0}]
[1681555725.4263365, {"load": [0.06640625, 0.5009765625, 0.4228515625], "ram": [1.0960960388183594, 1.5615386962890625], "n_user": 0, "n_online_uid": 0, "n_online_client": 0, "n_submission": 0, "n_corr_submission": 0}]
[1681555785.4367301, {"load": [0.0224609375, 0.40673828125, 0.3935546875], "ram": [1.0970268249511719, 1.56060791015625], "n_user": 0, "n_online_uid": 0, "n_online_client": 0, "n_submission": 0, "n_corr_submission": 0}]
[1681555845.4427466, {"load": [0.005859375, 0.330078125, 0.3642578125], "ram": [1.0972671508789062, 1.5603675842285156], "n_user": 0, "n_online_uid": 0, "n_online_client": 0, "n_submission": 0, "n_corr_submission": 0}]
[1681555905.4519782, {"load": [0.0, 0.26708984375, 0.34033203125], "ram": [1.0984878540039062, 1.5591468811035156], "n_user": 0, "n_online_uid": 0, "n_online_client": 0, "n_submission": 0, "n_corr_submission": 0}]
[1681555965.4600978, {"load": [0.03271484375, 0.22998046875, 0.32275390625], "ram": [1.1025428771972656, 1.5550918579101562], "n_user": 0, "n_online_uid": 0, "n_online_client": 0, "n_submission": 0, "n_corr_submission": 0}]
[1681556025.4675853, {"load": [0.009765625, 0.185546875, 0.29931640625], "ram": [1.1031990051269531, 1.5544357299804688], "n_user": 0, "n_online_uid": 0, "n_online_client": 0, "n_submission": 0, "n_corr_submission": 0}]
[1681556085.4759307, {"load": [0.09814453125, 0.19140625, 0.29248046875], "ram": [1.1020889282226562, 1.5555458068847656], "n_user": 0, "n_online_uid": 0, "n_online_client": 0, "n_submission": 0, "n_corr_submission": 0}]
[1681556145.4823117, {"load": [0.03369140625, 0.15380859375, 0.26953125], "ram": [1.1026763916015625, 1.5549583435058594], "n_user": 0, "n_online_uid": 0, "n_online_client": 0, "n_submission": 0, "n_corr_submission": 0}]
[1681556205.4883413, {"load": [0.01025390625, 0.123046875, 0.251953125], "ram": [1.1021995544433594, 1.5554351806640625], "n_user": 0, "n_online_uid": 0, "n_online_client": 0, "n_submission": 0, "n_corr_submission": 0}]
[1681556265.4953442, {"load": [0.001953125, 0.09814453125, 0.234375], "ram": [1.1054534912109375, 1.5521812438964844], "n_user": 0, "n_online_uid": 0, "n_online_client": 0, "n_submission": 0, "n_corr_submission": 0}]
[1681556325.501224, {"load": [0.046875, 0.091796875, 0.22265625], "ram": [1.1051216125488281, 1.5525131225585938], "n_user": 0, "n_online_uid": 0, "n_online_client": 0, "n_submission": 0, "n_corr_submission": 0}]
[1681556385.5064862, {"load": [0.01513671875, 0.0732421875, 0.205078125], "ram": [1.1070060729980469, 1.5506248474121094], "n_user": 0, "n_online_uid": 0, "n_online_client": 0, "n_submission": 0, "n_corr_submission": 0}]
[1681556445.5112438, {"load": [0.00390625, 0.056640625, 0.1875], "ram": [1.1051445007324219, 1.552490234375], "n_user": 0, "n_online_uid": 0, "n_online_client": 0, "n_submission": 0, "n_corr_submission": 0}]
[1681556505.520106, {"load": [0.0, 0.044921875, 0.173828125], "ram": [1.1059608459472656, 1.5516738891601562], "n_user": 0, "n_online_uid": 0, "n_online_client": 0, "n_submission": 0, "n_corr_submission": 0}]
[1681556565.5280817, {"load": [0.0, 0.033203125, 0.162109375], "ram": [1.105133056640625, 1.5525016784667969], "n_user": 0, "n_online_uid": 0, "n_online_client": 0, "n_submission": 0, "n_corr_submission": 0}]
[1681556625.5356963, {"load": [0.0, 0.025390625, 0.150390625], "ram": [1.1054153442382812, 1.5522193908691406], "n_user": 0, "n_online_uid": 0, "n_online_client": 0, "n_submission": 0, "n_corr_submission": 0}]
[1681556685.541685, {"load": [0.06689453125, 0.03564453125, 0.14453125], "ram": [1.1065788269042969, 1.551055908203125], "n_user": 0, "n_online_uid": 0, "n_online_client": 0, "n_submission": 0, "n_corr_submission": 0}]
[1681556745.5484, {"load": [0.0224609375, 0.0263671875, 0.1328125], "ram": [1.107086181640625, 1.5505485534667969], "n_user": 0, "n_online_uid": 0, "n_online_client": 0, "n_submission": 0, "n_corr_submission": 0}]
[1681556805.554979, {"load": [0.005859375, 0.0205078125, 0.12109375], "ram": [1.1079940795898438, 1.5496406555175781], "n_user": 0, "n_online_uid": 0, "n_online_client": 0, "n_submission": 0, "n_corr_submission": 0}]
[1681556865.5617108, {"load": [0.0, 0.0146484375, 0.109375], "ram": [1.1102066040039062, 1.5474281311035156], "n_user": 0, "n_online_uid": 0, "n_online_client": 0, "n_submission": 0, "n_corr_submission": 0}]
[1681556925.5663655, {"load": [0.0, 0.0087890625, 0.09765625], "ram": [1.1100425720214844, 1.5475921630859375], "n_user": 0, "n_online_uid": 0, "n_online_client": 0, "n_submission": 0, "n_corr_submission": 0}]
[1681556985.5706608, {"load": [0.0, 0.0029296875, 0.08837890625], "ram": [1.1098060607910156, 1.5478286743164062], "n_user": 0, "n_online_uid": 0, "n_online_client": 0, "n_submission": 0, "n_corr_submission": 0}]
[1681557045.5749469, {"load": [0.0, 0.0, 0.08251953125], "ram": [1.1094207763671875, 1.5482139587402344], "n_user": 0, "n_online_uid": 0, "n_online_client": 0, "n_submission": 0, "n_corr_submission": 0}]
[1681557105.5855873, {"load": [0.0, 0.0, 0.0771484375], "ram": [1.10919189453125, 1.5484428405761719], "n_user": 0, "n_online_uid": 0, "n_online_client": 0, "n_submission": 0, "n_corr_submission": 0}]
[1681557165.59763, {"load": [0.05126953125, 0.01416015625, 0.0771484375], "ram": [1.1091766357421875, 1.5484580993652344], "n_user": 0, "n_online_uid": 0, "n_online_client": 0, "n_submission": 0, "n_corr_submission": 0}]
[1681557225.6041412, {"load": [0.13818359375, 0.04248046875, 0.0830078125], "ram": [1.1094551086425781, 1.5481796264648438], "n_user": 0, "n_online_uid": 0, "n_online_client": 0, "n_submission": 0, "n_corr_submission": 0}]
[1681557285.6139822, {"load": [0.20947265625, 0.064453125, 0.08837890625], "ram": [1.1097259521484375, 1.5479087829589844], "n_user": 0, "n_online_uid": 0, "n_online_client": 0, "n_submission": 0, "n_corr_submission": 0}]
[1681557345.6247847, {"load": [0.0751953125, 0.05078125, 0.08251953125], "ram": [1.110321044921875, 1.5473060607910156], "n_user": 0, "n_online_uid": 0, "n_online_client": 0, "n_submission": 0, "n_corr_submission": 0}]
[1681557405.632695, {"load": [0.025390625, 0.0390625, 0.07666015625], "ram": [1.1102066040039062, 1.5474014282226562], "n_user": 0, "n_online_uid": 0, "n_online_client": 0, "n_submission": 0, "n_corr_submission": 0}]
[1681557465.6434987, {"load": [0.00732421875, 0.0283203125, 0.07080078125], "ram": [1.1110382080078125, 1.5465965270996094], "n_user": 0, "n_online_uid": 0, "n_online_client": 0, "n_submission": 0, "n_corr_submission": 0}]
[1681562272.643214, {"load": [0.0908203125, 0.05224609375, 0.076171875], "ram": [1.1046562194824219, 1.5529670715332031], "n_user": 0, "n_online_uid": 0, "n_online_client": 0, "n_submission": 0, "n_corr_submission": 0}]
[1681562332.9034297, {"load": [0.03173828125, 0.04052734375, 0.0703125], "ram": [1.1078033447265625, 1.5498199462890625], "n_user": 0, "n_online_uid": 0, "n_online_client": 0, "n_submission": 0, "n_corr_submission": 0}]
[1681562392.90984, {"load": [0.009765625, 0.02880859375, 0.064453125], "ram": [1.11224365234375, 1.5453872680664062], "n_user": 0, "n_online_uid": 0, "n_online_client": 0, "n_submission": 0, "n_corr_submission": 0}]
[1681562452.918773, {"load": [0.083984375, 0.0517578125, 0.06982421875], "ram": [1.1143379211425781, 1.5432929992675781], "n_user": 0, "n_online_uid": 0, "n_online_client": 0, "n_submission": 0, "n_corr_submission": 0}]
[1681562512.9270349, {"load": [0.029296875, 0.0400390625, 0.06396484375], "ram": [1.1148262023925781, 1.5428047180175781], "n_user": 0, "n_online_uid": 0, "n_online_client": 0, "n_submission": 0, "n_corr_submission": 0}]
[1681562572.9345186, {"load": [0.0087890625, 0.02880859375, 0.05810546875], "ram": [1.1140403747558594, 1.5435371398925781], "n_user": 0, "n_online_uid": 0, "n_online_client": 0, "n_submission": 0, "n_corr_submission": 0}]
[1681562632.9418862, {"load": [0.00146484375, 0.02294921875, 0.05224609375], "ram": [1.1137123107910156, 1.5439186096191406], "n_user": 0, "n_online_uid": 0, "n_online_client": 0, "n_submission": 0, "n_corr_submission": 0}]
[1681562692.9483488, {"load": [0.0, 0.01708984375, 0.04638671875], "ram": [1.1137733459472656, 1.5438575744628906], "n_user": 0, "n_online_uid": 0, "n_online_client": 0, "n_submission": 0, "n_corr_submission": 0}]
[1681562752.9527473, {"load": [0.0, 0.01123046875, 0.04052734375], "ram": [1.1153068542480469, 1.5423240661621094], "n_user": 0, "n_online_uid": 0, "n_online_client": 0, "n_submission": 0, "n_corr_submission": 0}]
[1681562812.9612834, {"load": [0.0, 0.00537109375, 0.03466796875], "ram": [1.1160697937011719, 1.5415611267089844], "n_user": 0, "n_online_uid": 0, "n_online_client": 0, "n_submission": 0, "n_corr_submission": 0}]
[1681562872.9708357, {"load": [0.0, 0.0, 0.02880859375], "ram": [1.1153411865234375, 1.5422897338867188], "n_user": 0, "n_online_uid": 0, "n_online_client": 0, "n_submission": 0, "n_corr_submission": 0}]
[1681562932.9797661, {"load": [0.0, 0.0, 0.02294921875], "ram": [1.1162910461425781, 1.5413093566894531], "n_user": 0, "n_online_uid": 0, "n_online_client": 0, "n_submission": 0, "n_corr_submission": 0}]
[1681562992.987394, {"load": [0.0, 0.0, 0.01708984375], "ram": [1.1163558959960938, 1.5412750244140625], "n_user": 0, "n_online_uid": 0, "n_online_client": 0, "n_submission": 0, "n_corr_submission": 0}]
[1681563052.9952404, {"load": [0.04296875, 0.01318359375, 0.01708984375], "ram": [1.1166877746582031, 1.5409317016601562], "n_user": 0, "n_online_uid": 0, "n_online_client": 0, "n_submission": 0, "n_corr_submission": 0}]
[1681563113.002908, {"load": [0.013671875, 0.00732421875, 0.01123046875], "ram": [1.1165657043457031, 1.5410652160644531], "n_user": 0, "n_online_uid": 0, "n_online_client": 0, "n_submission": 0, "n_corr_submission": 0}]
[1681563173.010438, {"load": [0.00341796875, 0.00146484375, 0.00537109375], "ram": [1.1172409057617188, 1.5403900146484375], "n_user": 0, "n_online_uid": 0, "n_online_client": 0, "n_submission": 0, "n_corr_submission": 0}]
[1681563233.0177605, {"load": [0.18603515625, 0.046875, 0.01611328125], "ram": [1.1181755065917969, 1.5394554138183594], "n_user": 0, "n_online_uid": 0, "n_online_client": 0, "n_submission": 0, "n_corr_submission": 0}]
[1681563293.0227659, {"load": [0.146484375, 0.064453125, 0.02197265625], "ram": [1.1194190979003906, 1.5382118225097656], "n_user": 0, "n_online_uid": 0, "n_online_client": 0, "n_submission": 0, "n_corr_submission": 0}]
[1681563353.0282378, {"load": [0.05126953125, 0.05078125, 0.01611328125], "ram": [1.1193466186523438, 1.5382843017578125], "n_user": 0, "n_online_uid": 0, "n_online_client": 0, "n_submission": 0, "n_corr_submission": 0}]
[1681563413.0332596, {"load": [0.1416015625, 0.0712890625, 0.021484375], "ram": [1.1240501403808594, 1.5335807800292969], "n_user": 0, "n_online_uid": 0, "n_online_client": 0, "n_submission": 0, "n_corr_submission": 0}]
[1681563473.048503, {"load": [0.09521484375, 0.07080078125, 0.021484375], "ram": [1.1233139038085938, 1.5343170166015625], "n_user": 0, "n_online_uid": 0, "n_online_client": 0, "n_submission": 0, "n_corr_submission": 0}]
[1681563533.0601506, {"load": [0.0673828125, 0.0703125, 0.021484375], "ram": [1.1250953674316406, 1.5325355529785156], "n_user": 0, "n_online_uid": 0, "n_online_client": 0, "n_submission": 0, "n_corr_submission": 0}]
[1681563593.0700634, {"load": [0.06103515625, 0.06982421875, 0.021484375], "ram": [1.123779296875, 1.533843994140625], "n_user": 0, "n_online_uid": 0, "n_online_client": 0, "n_submission": 0, "n_corr_submission": 0}]
[1681563653.0798275, {"load": [0.10107421875, 0.0712890625, 0.021484375], "ram": [1.1245765686035156, 1.5330467224121094], "n_user": 0, "n_online_uid": 0, "n_online_client": 0, "n_submission": 0, "n_corr_submission": 0}]
[1681563713.090808, {"load": [0.03564453125, 0.05517578125, 0.015625], "ram": [1.1245231628417969, 1.5331001281738281], "n_user": 0, "n_online_uid": 0, "n_online_client": 0, "n_submission": 0, "n_corr_submission": 0}]
[1681563773.0993793, {"load": [0.0107421875, 0.04345703125, 0.009765625], "ram": [1.1250877380371094, 1.5325355529785156], "n_user": 0, "n_online_uid": 0, "n_online_client": 0, "n_submission": 0, "n_corr_submission": 0}]
[1681563833.1112857, {"load": [0.00244140625, 0.03173828125, 0.00390625], "ram": [1.1361465454101562, 1.5214767456054688], "n_user": 0, "n_online_uid": 0, "n_online_client": 0, "n_submission": 0, "n_corr_submission": 0}]
[1681563893.1229253, {"load": [0.0, 0.0244140625, 0.0], "ram": [1.1359786987304688, 1.5216445922851562], "n_user": 0, "n_online_uid": 0, "n_online_client": 0, "n_submission": 0, "n_corr_submission": 0}]
[1681563953.1316786, {"load": [0.0, 0.0185546875, 0.0], "ram": [1.1379241943359375, 1.5196990966796875], "n_user": 0, "n_online_uid": 0, "n_online_client": 0, "n_submission": 0, "n_corr_submission": 0}]
[1681564013.1402495, {"load": [0.0, 0.0126953125, 0.0], "ram": [1.1358375549316406, 1.5217857360839844], "n_user": 0, "n_online_uid": 0, "n_online_client": 0, "n_submission": 0, "n_corr_submission": 0}]
[1681564073.147532, {"load": [0.0, 0.0068359375, 0.0], "ram": [1.1363067626953125, 1.5213165283203125], "n_user": 0, "n_online_uid": 0, "n_online_client": 0, "n_submission": 0, "n_corr_submission": 0}]
[1681564133.1561673, {"load": [0.0, 0.0009765625, 0.0], "ram": [1.1363334655761719, 1.5212898254394531], "n_user": 0, "n_online_uid": 0, "n_online_client": 0, "n_submission": 0, "n_corr_submission": 0}]
[1681564193.1648147, {"load": [0.0, 0.0, 0.0], "ram": [1.1364021301269531, 1.5212211608886719], "n_user": 0, "n_online_uid": 0, "n_online_client": 0, "n_submission": 0, "n_corr_submission": 0}]
[1681564253.17111, {"load": [0.0, 0.0, 0.0], "ram": [1.1359672546386719, 1.5216560363769531], "n_user": 0, "n_online_uid": 0, "n_online_client": 0, "n_submission": 0, "n_corr_submission": 0}]
[1681564313.1790867, {"load": [0.0, 0.0, 0.0], "ram": [1.1601715087890625, 1.4974517822265625], "n_user": 0, "n_online_uid": 0, "n_online_client": 0, "n_submission": 0, "n_corr_submission": 0}]
[1681564373.1857061, {"load": [0.0, 0.0, 0.0], "ram": [1.1602821350097656, 1.4973411560058594], "n_user": 0, "n_online_uid": 0, "n_online_client": 0, "n_submission": 0, "n_corr_submission": 0}]
[1681564433.1922827, {"load": [0.0, 0.0, 0.0], "ram": [1.1597938537597656, 1.4978294372558594], "n_user": 0, "n_online_uid": 0, "n_online_client": 0, "n_submission": 0, "n_corr_submission": 0}]
[1681564493.1980786, {"load": [0.0, 0.0, 0.0], "ram": [1.159637451171875, 1.49798583984375], "n_user": 0, "n_online_uid": 0, "n_online_client": 0, "n_submission": 0, "n_corr_submission": 0}]
[1681564553.2046356, {"load": [0.0, 0.0, 0.0], "ram": [1.16033935546875, 1.497283935546875], "n_user": 0, "n_online_uid": 0, "n_online_client": 0, "n_submission": 0, "n_corr_submission": 0}]
[1681564613.209166, {"load": [0.0, 0.0, 0.0], "ram": [1.1461410522460938, 1.5114822387695312], "n_user": 0, "n_online_uid": 0, "n_online_client": 0, "n_submission": 0, "n_corr_submission": 0}]
[1681564673.2148142, {"load": [0.12353515625, 0.0302734375, 0.00927734375], "ram": [1.1457481384277344, 1.5118751525878906], "n_user": 0, "n_online_uid": 0, "n_online_client": 0, "n_submission": 0, "n_corr_submission": 0}]
[1681564733.2188778, {"load": [0.046875, 0.0244140625, 0.00390625], "ram": [1.1467361450195312, 1.5108871459960938], "n_user": 0, "n_online_uid": 0, "n_online_client": 0, "n_submission": 0, "n_corr_submission": 0}]
[1681564793.2277598, {"load": [0.01513671875, 0.0185546875, 0.0], "ram": [1.1467552185058594, 1.5108680725097656], "n_user": 0, "n_online_uid": 0, "n_online_client": 0, "n_submission": 0, "n_corr_submission": 0}]
[1681564853.2352135, {"load": [0.00390625, 0.0126953125, 0.0], "ram": [1.147003173828125, 1.5106201171875], "n_user": 0, "n_online_uid": 0, "n_online_client": 0, "n_submission": 0, "n_corr_submission": 0}]
[1681564913.2428663, {"load": [0.0, 0.0068359375, 0.0], "ram": [1.1470756530761719, 1.5105400085449219], "n_user": 0, "n_online_uid": 0, "n_online_client": 0, "n_submission": 0, "n_corr_submission": 0}]
[1681564973.2506115, {"load": [0.04296875, 0.01806640625, 0.001953125], "ram": [1.1476631164550781, 1.5099601745605469], "n_user": 0, "n_online_uid": 0, "n_online_client": 0, "n_submission": 0, "n_corr_submission": 0}]
[1681565033.2574935, {"load": [0.013671875, 0.01220703125, 0.0], "ram": [1.1480865478515625, 1.5095367431640625], "n_user": 0, "n_online_uid": 0, "n_online_client": 0, "n_submission": 0, "n_corr_submission": 0}]
[1681565093.261269, {"load": [0.00341796875, 0.00634765625, 0.0], "ram": [1.1473655700683594, 1.5102577209472656], "n_user": 0, "n_online_uid": 0, "n_online_client": 0, "n_submission": 0, "n_corr_submission": 0}]
[1681565153.26611, {"load": [0.0, 0.00048828125, 0.0], "ram": [1.1483306884765625, 1.5092926025390625], "n_user": 0, "n_online_uid": 0, "n_online_client": 0, "n_submission": 0, "n_corr_submission": 0}]
[1681565213.2723088, {"load": [0.0, 0.0, 0.0], "ram": [1.1487541198730469, 1.5088691711425781], "n_user": 0, "n_online_uid": 0, "n_online_client": 0, "n_submission": 0, "n_corr_submission": 0}]
[1681565273.2794733, {"load": [0.0, 0.0, 0.0], "ram": [1.1490821838378906, 1.5085411071777344], "n_user": 0, "n_online_uid": 0, "n_online_client": 0, "n_submission": 0, "n_corr_submission": 0}]
[1681565333.28355, {"load": [0.0, 0.0, 0.0], "ram": [1.1455917358398438, 1.5120277404785156], "n_user": 0, "n_online_uid": 0, "n_online_client": 0, "n_submission": 0, "n_corr_submission": 0}]
[1681565393.2986503, {"load": [0.0, 0.0, 0.0], "ram": [1.146636962890625, 1.5109825134277344], "n_user": 0, "n_online_uid": 0, "n_online_client": 0, "n_submission": 0, "n_corr_submission": 0}]
[1681565453.3097165, {"load": [0.03271484375, 0.01171875, 0.00048828125], "ram": [1.1464347839355469, 1.5111808776855469], "n_user": 0, "n_online_uid": 0, "n_online_client": 0, "n_submission": 0, "n_corr_submission": 0}]
[1681565513.3176062, {"load": [0.009765625, 0.005859375, 0.0], "ram": [1.1470718383789062, 1.5105438232421875], "n_user": 0, "n_online_uid": 0, "n_online_client": 0, "n_submission": 0, "n_corr_submission": 0}]
[1681565573.3293993, {"load": [0.001953125, 0.0, 0.0], "ram": [1.1491851806640625, 1.5084304809570312], "n_user": 0, "n_online_uid": 0, "n_online_client": 0, "n_submission": 0, "n_corr_submission": 0}]
[1681565633.3364816, {"load": [0.0, 0.0, 0.0], "ram": [1.1501045227050781, 1.5075111389160156], "n_user": 0, "n_online_uid": 0, "n_online_client": 0, "n_submission": 0, "n_corr_submission": 0}]
[1681565693.3479848, {"load": [0.0, 0.0, 0.0], "ram": [1.1499366760253906, 1.5076789855957031], "n_user": 0, "n_online_uid": 0, "n_online_client": 0, "n_submission": 0, "n_corr_submission": 0}]
[1681565753.358115, {"load": [0.0, 0.0, 0.0], "ram": [1.1480865478515625, 1.5095291137695312], "n_user": 0, "n_online_uid": 0, "n_online_client": 0, "n_submission": 0, "n_corr_submission": 0}]
[1681565813.3681173, {"load": [0.0, 0.0, 0.0], "ram": [1.1483879089355469, 1.5091972351074219], "n_user": 0, "n_online_uid": 0, "n_online_client": 0, "n_submission": 0, "n_corr_submission": 0}]
[1681565873.3753278, {"load": [0.0, 0.0, 0.0], "ram": [1.1500091552734375, 1.5076065063476562], "n_user": 0, "n_online_uid": 0, "n_online_client": 0, "n_submission": 0, "n_corr_submission": 0}]
[1681565933.3842266, {"load": [0.0, 0.0, 0.0], "ram": [1.1478767395019531, 1.5097389221191406], "n_user": 0, "n_online_uid": 0, "n_online_client": 0, "n_submission": 0, "n_corr_submission": 0}]
[1681565993.4027739, {"load": [0.05615234375, 0.0146484375, 0.00341796875], "ram": [1.0070877075195312, 1.6505470275878906], "n_user": 0, "n_online_uid": 0, "n_online_client": 0, "n_submission": 0, "n_corr_submission": 0}]
[1681566053.4187362, {"load": [0.09912109375, 0.03857421875, 0.00927734375], "ram": [1.0157966613769531, 1.6418266296386719], "n_user": 0, "n_online_uid": 0, "n_online_client": 0, "n_submission": 0, "n_corr_submission": 0}]
[1681566113.4384115, {"load": [0.15087890625, 0.0732421875, 0.02099609375], "ram": [1.0226211547851562, 1.634979248046875], "n_user": 0, "n_online_uid": 0, "n_online_client": 0, "n_submission": 0, "n_corr_submission": 0}]
[1681568613.8663156, {"load": [0.12451171875, 0.1494140625, 0.06591796875], "ram": [1.3906631469726562, 1.2662010192871094], "n_user": 0, "n_online_uid": 0, "n_online_client": 0, "n_submission": 0, "n_corr_submission": 0}]
[1681568673.876522, {"load": [0.04345703125, 0.11962890625, 0.06005859375], "ram": [1.3984489440917969, 1.2584152221679688], "n_user": 0, "n_online_uid": 0, "n_online_client": 0, "n_submission": 0, "n_corr_submission": 0}]
[1681568733.884585, {"load": [0.01416015625, 0.095703125, 0.05419921875], "ram": [1.4007301330566406, 1.256134033203125], "n_user": 0, "n_online_uid": 0, "n_online_client": 0, "n_submission": 0, "n_corr_submission": 0}]
[1681568975.5783489, {"load": [0.21875, 0.17919921875, 0.09423828125], "ram": [1.2815628051757812, 1.3743133544921875], "n_user": 0, "n_online_uid": 0, "n_online_client": 0, "n_submission": 0, "n_corr_submission": 0}]
[1681569035.5865016, {"load": [0.18701171875, 0.17529296875, 0.0947265625], "ram": [1.2671241760253906, 1.3887405395507812], "n_user": 0, "n_online_uid": 0, "n_online_client": 0, "n_submission": 0, "n_corr_submission": 0}]
[1681569095.5931938, {"load": [0.17041015625, 0.17236328125, 0.0947265625], "ram": [1.2544288635253906, 1.4014358520507812], "n_user": 0, "n_online_uid": 0, "n_online_client": 0, "n_submission": 0, "n_corr_submission": 0}]
[1681569155.6029913, {"load": [0.2578125, 0.2119140625, 0.11181640625], "ram": [1.3860702514648438, 1.2697792053222656], "n_user": 0, "n_online_uid": 0, "n_online_client": 0, "n_submission": 0, "n_corr_submission": 0}]
[1681569215.6094627, {"load": [0.25244140625, 0.21728515625, 0.1171875], "ram": [1.3896713256835938, 1.2661781311035156], "n_user": 0, "n_online_uid": 0, "n_online_client": 0, "n_submission": 0, "n_corr_submission": 0}]
[1681569275.620251, {"load": [0.2060546875, 0.20654296875, 0.11669921875], "ram": [1.3919334411621094, 1.263916015625], "n_user": 0, "n_online_uid": 0, "n_online_client": 0, "n_submission": 0, "n_corr_submission": 0}]
[1681569526.531384, {"load": [0.09912109375, 0.16943359375, 0.1142578125], "ram": [1.2940788269042969, 1.3614959716796875], "n_user": 0, "n_online_uid": 0, "n_online_client": 0, "n_submission": 0, "n_corr_submission": 0}]
[1681569586.5371642, {"load": [0.1025390625, 0.15234375, 0.1083984375], "ram": [1.2658729553222656, 1.3896827697753906], "n_user": 0, "n_online_uid": 0, "n_online_client": 0, "n_submission": 0, "n_corr_submission": 0}]
[1681569646.5455713, {"load": [0.03564453125, 0.1220703125, 0.0966796875], "ram": [1.2794647216796875, 1.3761024475097656], "n_user": 0, "n_online_uid": 0, "n_online_client": 0, "n_submission": 0, "n_corr_submission": 0}]
[1681569706.5505018, {"load": [0.0107421875, 0.09765625, 0.087890625], "ram": [1.2816352844238281, 1.3739280700683594], "n_user": 0, "n_online_uid": 0, "n_online_client": 0, "n_submission": 0, "n_corr_submission": 0}]
[1681569766.5573063, {"load": [0.3701171875, 0.17236328125, 0.11279296875], "ram": [1.2880897521972656, 1.3674697875976562], "n_user": 0, "n_online_uid": 0, "n_online_client": 0, "n_submission": 0, "n_corr_submission": 0}]
[1681570019.3007445, {"load": [0.298828125, 0.2822265625, 0.1728515625], "ram": [1.3054161071777344, 1.3498573303222656], "n_user": 0, "n_online_uid": 0, "n_online_client": 0, "n_submission": 0, "n_corr_submission": 0}]
[1681570079.310031, {"load": [0.1884765625, 0.2451171875, 0.1669921875], "ram": [1.2832984924316406, 1.3719749450683594], "n_user": 0, "n_online_uid": 0, "n_online_client": 0, "n_submission": 0, "n_corr_submission": 0}]
[1681570330.7504961, {"load": [0.27880859375, 0.31591796875, 0.21337890625], "ram": [1.3571662902832031, 1.2978324890136719], "n_user": 0, "n_online_uid": 0, "n_online_client": 0, "n_submission": 0, "n_corr_submission": 0}]
[1681570390.7594614, {"load": [0.3662109375, 0.32080078125, 0.21875], "ram": [1.4104804992675781, 1.2445030212402344], "n_user": 0, "n_online_uid": 0, "n_online_client": 0, "n_submission": 0, "n_corr_submission": 0}]
[1681570450.768838, {"load": [0.13232421875, 0.26025390625, 0.201171875], "ram": [1.3996925354003906, 1.2552986145019531], "n_user": 0, "n_online_uid": 0, "n_online_client": 0, "n_submission": 0, "n_corr_submission": 0}]
[1681570510.778491, {"load": [0.046875, 0.21044921875, 0.18359375], "ram": [1.4025459289550781, 1.2524452209472656], "n_user": 0, "n_online_uid": 0, "n_online_client": 0, "n_submission": 0, "n_corr_submission": 0}]
[1681570570.7890408, {"load": [0.01513671875, 0.16943359375, 0.1708984375], "ram": [1.4150199890136719, 1.2399711608886719], "n_user": 0, "n_online_uid": 0, "n_online_client": 0, "n_submission": 0, "n_corr_submission": 0}]
[1681570630.798464, {"load": [0.1259765625, 0.16845703125, 0.1708984375], "ram": [1.3978080749511719, 1.2571830749511719], "n_user": 0, "n_online_uid": 0, "n_online_client": 0, "n_submission": 0, "n_corr_submission": 0}]
[1681570690.8083177, {"load": [0.04443359375, 0.13525390625, 0.1591796875], "ram": [1.424163818359375, 1.2308235168457031], "n_user": 0, "n_online_uid": 0, "n_online_client": 0, "n_submission": 0, "n_corr_submission": 0}]
[1681570750.8158994, {"load": [0.01416015625, 0.10791015625, 0.1474609375], "ram": [1.4034881591796875, 1.2514991760253906], "n_user": 0, "n_online_uid": 0, "n_online_client": 0, "n_submission": 0, "n_corr_submission": 0}]
[1681570810.8236861, {"load": [0.083984375, 0.10205078125, 0.1416015625], "ram": [1.4089202880859375, 1.2460670471191406], "n_user": 0, "n_online_uid": 0, "n_online_client": 0, "n_submission": 0, "n_corr_submission": 0}]
[1681570870.8335314, {"load": [0.09228515625, 0.09619140625, 0.1357421875], "ram": [1.4108772277832031, 1.244110107421875], "n_user": 0, "n_online_uid": 0, "n_online_client": 0, "n_submission": 0, "n_corr_submission": 0}]
[1681570930.8384054, {"load": [0.0322265625, 0.076171875, 0.1240234375], "ram": [1.4116058349609375, 1.2433815002441406], "n_user": 0, "n_online_uid": 0, "n_online_client": 0, "n_submission": 0, "n_corr_submission": 0}]
[1681570990.847341, {"load": [0.009765625, 0.05859375, 0.1123046875], "ram": [1.4253120422363281, 1.22967529296875], "n_user": 1, "n_online_uid": 0, "n_online_client": 0, "n_submission": 0, "n_corr_submission": 0}]
[1681571050.854815, {"load": [0.13427734375, 0.080078125, 0.11328125], "ram": [1.4188957214355469, 1.2360877990722656], "n_user": 1, "n_online_uid": 1, "n_online_client": 1, "n_submission": 0, "n_corr_submission": 0}]
[1681571110.8637466, {"load": [0.12744140625, 0.07958984375, 0.107421875], "ram": [1.4249458312988281, 1.2300376892089844], "n_user": 1, "n_online_uid": 1, "n_online_client": 1, "n_submission": 0, "n_corr_submission": 0}]
[1681571170.8714845, {"load": [0.044921875, 0.06201171875, 0.095703125], "ram": [1.4195785522460938, 1.2354049682617188], "n_user": 1, "n_online_uid": 1, "n_online_client": 1, "n_submission": 0, "n_corr_submission": 0}]
[1681571230.877267, {"load": [0.0146484375, 0.048828125, 0.08740234375], "ram": [1.4196548461914062, 1.2353286743164062], "n_user": 1, "n_online_uid": 1, "n_online_client": 1, "n_submission": 0, "n_corr_submission": 0}]
[1681571290.8814988, {"load": [0.00390625, 0.037109375, 0.08154296875], "ram": [1.4173851013183594, 1.2375984191894531], "n_user": 1, "n_online_uid": 1, "n_online_client": 1, "n_submission": 0, "n_corr_submission": 0}]
[1681571350.8854077, {"load": [0.0, 0.02734375, 0.07568359375], "ram": [1.4160385131835938, 1.2389450073242188], "n_user": 1, "n_online_uid": 1, "n_online_client": 1, "n_submission": 0, "n_corr_submission": 0}]
[1681571410.89149, {"load": [0.0, 0.021484375, 0.06982421875], "ram": [1.4164161682128906, 1.2385635375976562], "n_user": 1, "n_online_uid": 1, "n_online_client": 1, "n_submission": 0, "n_corr_submission": 0}]
[1681571470.8964677, {"load": [0.0, 0.015625, 0.06396484375], "ram": [1.4201202392578125, 1.2348594665527344], "n_user": 1, "n_online_uid": 1, "n_online_client": 1, "n_submission": 0, "n_corr_submission": 0}]
[1681571530.9017346, {"load": [0.0, 0.009765625, 0.05810546875], "ram": [1.4197502136230469, 1.2352294921875], "n_user": 1, "n_online_uid": 1, "n_online_client": 1, "n_submission": 0, "n_corr_submission": 0}]
[1681571590.908438, {"load": [0.0, 0.00390625, 0.05224609375], "ram": [1.4210700988769531, 1.2339096069335938], "n_user": 1, "n_online_uid": 1, "n_online_client": 1, "n_submission": 0, "n_corr_submission": 0}]
[1681571650.915909, {"load": [0.1513671875, 0.046875, 0.06396484375], "ram": [1.4212760925292969, 1.23370361328125], "n_user": 1, "n_online_uid": 1, "n_online_client": 1, "n_submission": 0, "n_corr_submission": 0}]
[1681571710.9233334, {"load": [0.17333984375, 0.068359375, 0.06982421875], "ram": [1.4230766296386719, 1.231903076171875], "n_user": 1, "n_online_uid": 1, "n_online_client": 1, "n_submission": 0, "n_corr_submission": 0}]
